[21-05-25 19:40:45] Tick Error: System.NullReferenceException: La référence d'objet n'est pas définie à une instance d'un objet.
   à WindBot.Game.GameBehavior.OnJoinGame(BinaryReader packet)
   à WindBot.Game.GameBehavior.OnPacket(BinaryReader packet)
   à WindBot.Game.GameClient.OnPacketReceived(BinaryReader reader)
   à YGOSharp.Network.BinaryClient.ReceivePendingPackets()
   à YGOSharp.Network.BinaryClient.Update()
   à WindBot.Program.Run(Object o)
[21-05-25 19:40:50] Tick Error: System.NullReferenceException: La référence d'objet n'est pas définie à une instance d'un objet.
   à WindBot.Game.GameBehavior.OnJoinGame(BinaryReader packet)
   à WindBot.Game.GameBehavior.OnPacket(BinaryReader packet)
   à WindBot.Game.GameClient.OnPacketReceived(BinaryReader reader)
   à YGOSharp.Network.BinaryClient.ReceivePendingPackets()
   à YGOSharp.Network.BinaryClient.Update()
   à WindBot.Program.Run(Object o)
[21-05-27 18:54:17] Tick Error: System.NullReferenceException: La référence d'objet n'est pas définie à une instance d'un objet.
   à WindBot.Game.GameBehavior.OnJoinGame(BinaryReader packet)
   à WindBot.Game.GameBehavior.OnPacket(BinaryReader packet)
   à WindBot.Game.GameClient.OnPacketReceived(BinaryReader reader)
   à YGOSharp.Network.BinaryClient.ReceivePendingPackets()
   à YGOSharp.Network.BinaryClient.Update()
   à WindBot.Program.Run(Object o)
[21-05-27 18:54:20] Tick Error: System.NullReferenceException: La référence d'objet n'est pas définie à une instance d'un objet.
   à WindBot.Game.GameBehavior.OnJoinGame(BinaryReader packet)
   à WindBot.Game.GameBehavior.OnPacket(BinaryReader packet)
   à WindBot.Game.GameClient.OnPacketReceived(BinaryReader reader)
   à YGOSharp.Network.BinaryClient.ReceivePendingPackets()
   à YGOSharp.Network.BinaryClient.Update()
   à WindBot.Program.Run(Object o)
[21-05-27 18:54:26] Tick Error: System.NullReferenceException: La référence d'objet n'est pas définie à une instance d'un objet.
   à WindBot.Game.GameBehavior.OnJoinGame(BinaryReader packet)
   à WindBot.Game.GameBehavior.OnPacket(BinaryReader packet)
   à WindBot.Game.GameClient.OnPacketReceived(BinaryReader reader)
   à YGOSharp.Network.BinaryClient.ReceivePendingPackets()
   à YGOSharp.Network.BinaryClient.Update()
   à WindBot.Program.Run(Object o)
[21-06-02 23:20:37] Tick Error: System.NullReferenceException: La référence d'objet n'est pas définie à une instance d'un objet.
   à WindBot.Game.GameBehavior.OnJoinGame(BinaryReader packet)
   à WindBot.Game.GameBehavior.OnPacket(BinaryReader packet)
   à WindBot.Game.GameClient.OnPacketReceived(BinaryReader reader)
   à YGOSharp.Network.BinaryClient.ReceivePendingPackets()
   à YGOSharp.Network.BinaryClient.Update()
   à WindBot.Program.Run(Object o)
[21-06-06 23:47:08] Tick Error: System.NullReferenceException: La référence d'objet n'est pas définie à une instance d'un objet.
   à WindBot.Game.GameBehavior.OnJoinGame(BinaryReader packet)
   à WindBot.Game.GameBehavior.OnPacket(BinaryReader packet)
   à WindBot.Game.GameClient.OnPacketReceived(BinaryReader reader)
   à YGOSharp.Network.BinaryClient.ReceivePendingPackets()
   à YGOSharp.Network.BinaryClient.Update()
   à WindBot.Program.Run(Object o)
[21-06-17 17:16:53] Tick Error: System.NullReferenceException: La référence d'objet n'est pas définie à une instance d'un objet.
   à WindBot.Game.GameBehavior.OnJoinGame(BinaryReader packet)
   à WindBot.Game.GameBehavior.OnPacket(BinaryReader packet)
   à WindBot.Game.GameClient.OnPacketReceived(BinaryReader reader)
   à YGOSharp.Network.BinaryClient.ReceivePendingPackets()
   à YGOSharp.Network.BinaryClient.Update()
   à WindBot.Program.Run(Object o)
